<?xml version="1.0" encoding="UTF-8"?>
<testng-results skipped="0" failed="1" total="2" passed="1">
  <reporter-output>
  </reporter-output>
  <suite name="com.urbanladder.com.spree_automation.TestNGExampleTests" duration-ms="17203" started-at="2015-08-27T11:06:54Z" finished-at="2015-08-27T11:07:11Z">
    <groups>
    </groups>
    <test name="Command line test" duration-ms="17203" started-at="2015-08-27T11:06:54Z" finished-at="2015-08-27T11:07:11Z">
      <class name="com.urbanladder.com.spree_automation.TestNGExampleTests">
        <test-method status="PASS" signature="setup()[pri:0, instance:com.urbanladder.com.spree_automation.TestNGExampleTests@34b7bfc0]" name="setup" is-config="true" duration-ms="6595" started-at="2015-08-27T16:36:54Z" finished-at="2015-08-27T16:37:00Z">
          <reporter-output>
          </reporter-output>
        </test-method> <!-- setup -->
        <test-method status="PASS" signature="verifyLoginPageText()[pri:0, instance:com.urbanladder.com.spree_automation.TestNGExampleTests@34b7bfc0]" name="verifyLoginPageText" duration-ms="6220" started-at="2015-08-27T16:37:00Z" finished-at="2015-08-27T16:37:06Z">
          <reporter-output>
          </reporter-output>
        </test-method> <!-- verifyLoginPageText -->
        <test-method status="FAIL" signature="verifyForgotPasswordPage()[pri:0, instance:com.urbanladder.com.spree_automation.TestNGExampleTests@34b7bfc0]" name="verifyForgotPasswordPage" duration-ms="4375" started-at="2015-08-27T16:37:06Z" finished-at="2015-08-27T16:37:11Z">
          <exception class="java.lang.AssertionError">
            <message>
              <![CDATA[expected [Wrong text] but found [Change your password]]]>
            </message>
            <full-stacktrace>
              <![CDATA[java.lang.AssertionError: expected [Wrong text] but found [Change your password]
	at org.testng.Assert.fail(Assert.java:94)
	at org.testng.Assert.failNotEquals(Assert.java:496)
	at org.testng.Assert.assertEquals(Assert.java:125)
	at org.testng.Assert.assertEquals(Assert.java:178)
	at org.testng.Assert.assertEquals(Assert.java:188)
	at com.urbanladder.com.spree_automation.TestNGExampleTests.verifyForgotPasswordPage(TestNGExampleTests.java:43)
	at sun.reflect.NativeMethodAccessorImpl.invoke0(Native Method)
	at sun.reflect.NativeMethodAccessorImpl.invoke(NativeMethodAccessorImpl.java:62)
	at sun.reflect.DelegatingMethodAccessorImpl.invoke(DelegatingMethodAccessorImpl.java:43)
	at java.lang.reflect.Method.invoke(Method.java:497)
	at org.testng.internal.MethodInvocationHelper.invokeMethod(MethodInvocationHelper.java:85)
	at org.testng.internal.Invoker.invokeMethod(Invoker.java:659)
	at org.testng.internal.Invoker.invokeTestMethod(Invoker.java:845)
	at org.testng.internal.Invoker.invokeTestMethods(Invoker.java:1153)
	at org.testng.internal.TestMethodWorker.invokeTestMethods(TestMethodWorker.java:125)
	at org.testng.internal.TestMethodWorker.run(TestMethodWorker.java:108)
	at org.testng.TestRunner.privateRun(TestRunner.java:771)
	at org.testng.TestRunner.run(TestRunner.java:621)
	at org.testng.SuiteRunner.runTest(SuiteRunner.java:357)
	at org.testng.SuiteRunner.runSequentially(SuiteRunner.java:352)
	at org.testng.SuiteRunner.privateRun(SuiteRunner.java:310)
	at org.testng.SuiteRunner.run(SuiteRunner.java:259)
	at org.testng.SuiteRunnerWorker.runSuite(SuiteRunnerWorker.java:52)
	at org.testng.SuiteRunnerWorker.run(SuiteRunnerWorker.java:86)
	at org.testng.TestNG.runSuitesSequentially(TestNG.java:1199)
	at org.testng.TestNG.runSuitesLocally(TestNG.java:1124)
	at org.testng.TestNG.run(TestNG.java:1032)
	at org.apache.maven.surefire.testng.TestNGExecutor.run(TestNGExecutor.java:77)
	at org.apache.maven.surefire.testng.TestNGDirectoryTestSuite.execute(TestNGDirectoryTestSuite.java:110)
	at org.apache.maven.surefire.testng.TestNGProvider.invoke(TestNGProvider.java:106)
	at sun.reflect.NativeMethodAccessorImpl.invoke0(Native Method)
	at sun.reflect.NativeMethodAccessorImpl.invoke(NativeMethodAccessorImpl.java:62)
	at sun.reflect.DelegatingMethodAccessorImpl.invoke(DelegatingMethodAccessorImpl.java:43)
	at java.lang.reflect.Method.invoke(Method.java:497)
	at org.apache.maven.surefire.util.ReflectionUtils.invokeMethodWithArray(ReflectionUtils.java:189)
	at org.apache.maven.surefire.booter.ProviderFactory$ProviderProxy.invoke(ProviderFactory.java:165)
	at org.apache.maven.surefire.booter.ProviderFactory.invokeProvider(ProviderFactory.java:85)
	at org.apache.maven.surefire.booter.ForkedBooter.runSuitesInProcess(ForkedBooter.java:115)
	at org.apache.maven.surefire.booter.ForkedBooter.main(ForkedBooter.java:75)
]]>
            </full-stacktrace>
          </exception> <!-- java.lang.AssertionError -->
          <reporter-output>
          </reporter-output>
        </test-method> <!-- verifyForgotPasswordPage -->
      </class> <!-- com.urbanladder.com.spree_automation.TestNGExampleTests -->
    </test> <!-- Command line test -->
  </suite> <!-- com.urbanladder.com.spree_automation.TestNGExampleTests -->
</testng-results>
